Arguments: 
  D:\nvm\v18.17.0\node.exe C:\Users\mayn\AppData\Roaming\npm\node_modules\yarn\bin\yarn.js add z-paging --save

PATH: 
  C:\WINDOWS\system32;C:\WINDOWS;C:\WINDOWS\System32\Wbem;C:\WINDOWS\System32\WindowsPowerShell\v1.0\;C:\WINDOWS\System32\OpenSSH\;C:\Program Files (x86)\Tencent\微信web开发者工具\dll;C:\Pro;ram Files\nodejs\;C:\Program Files\Git\cmd;C:\Program Files\NVIDIA Corporation\NVIDIA NvDLISR;C:\Program Files (x86)\NVIDIA Corporation\PhysX\Common;D:\nvm;D:\nvm;D:\nvm\v18.17.0;;E:\weixin\微信web开发者工具\dll;C:\Users\mayn\AppData\Local\Microsoft\WindowsApps;C:\Users\mayn\AppData\Local\Programs\Microsoft VS Code\bin;C:\Users\mayn\AppData\Roaming\npm;D:\nvm;D:\nvm

Yarn version: 
  1.22.19

Node version: 
  18.17.0

Platform: 
  win32 x64

Trace: 
  Error: EPERM: operation not permitted, open 'C:\Users\mayn\AppData\Local\Yarn\Cache\v6\npm-@climblee-uv-ui-1.1.20-integrity\node_modules\@climblee\uv-ui\.yarn-tarball.tgz'

npm manifest: 
  {
    "dependencies": {
      "@climblee/uv-ui": "^1.1.20",
      "yarn": "^1.22.22"
    }
  }

yarn manifest: 
  No manifest

Lockfile: 
  # THIS IS AN AUTOGENERATED FILE. DO NOT EDIT THIS FILE DIRECTLY.
  # yarn lockfile v1
  
  
  "@climblee/uv-ui@^1.1.20":
    version "1.1.20"
    resolved "https://registry.npmjs.org/@climblee/uv-ui/-/uv-ui-1.1.20.tgz"
    integrity sha512-jkyesHJsPJkF4Nap9ZmG1/ibKlxXA5M8+ntqKXwwloIsYSYL5SOKb0gyPj17aBOU1PkJpmeiZ8PwnTolhK2/HA==
  
  yarn@^1.22.22:
    version "1.22.22"
    resolved "https://registry.npmjs.org/yarn/-/yarn-1.22.22.tgz"
    integrity sha512-prL3kGtyG7o9Z9Sv8IPfBNrWTDmXB4Qbes8A9rEzt6wkJV8mUvoirjU0Mp3GGAU06Y0XQyA3/2/RQFVuK7MTfg==
